<?xml version="1.0" encoding="UTF-8"?>
<!-- Generated by org.testng.reporters.JUnitXMLReporter -->
<testsuite hostname="DESKTOP-R93FQ3S" ignored="0" name="Test1" tests="3" failures="0" timestamp="19 Dec 2018 08:05:20 GMT" time="25.343" errors="0">
  <testcase name="loginTest" time="0.196" classname="com.study.zoho.testcases.LoginTest">
    <skipped/>
  </testcase> <!-- loginTest -->
  <testcase name="loginTest" time="19.219" classname="com.study.zoho.testcases.LoginTest"/>
  <testcase name="loginTest" time="24.747" classname="com.study.zoho.testcases.LoginTest"/>
</testsuite> <!-- Test1 -->
