<?xml version="1.0" encoding="UTF-8"?>
<testng-results skipped="1" failed="0" ignored="0" total="3" passed="2">
  <reporter-output>
  </reporter-output>
  <suite name="Suite" duration-ms="25343" started-at="2018-12-19T08:04:54Z" finished-at="2018-12-19T08:05:20Z">
    <groups>
    </groups>
    <test name="Test1" duration-ms="25343" started-at="2018-12-19T08:04:54Z" finished-at="2018-12-19T08:05:20Z">
      <class name="com.study.zoho.testcases.LoginTest">
        <test-method status="PASS" signature="setupFramework()[pri:0, instance:com.study.zoho.testcases.LoginTest@6fb0d3ed]" name="setupFramework" is-config="true" duration-ms="54" started-at="2018-12-19T08:04:54Z" finished-at="2018-12-19T08:04:54Z">
          <reporter-output>
          </reporter-output>
        </test-method> <!-- setupFramework -->
        <test-method status="PASS" signature="loginTest(java.util.Hashtable)[pri:0, instance:com.study.zoho.testcases.LoginTest@6fb0d3ed]" name="loginTest" duration-ms="19219" started-at="2018-12-19T08:04:55Z" data-provider="master" finished-at="2018-12-19T08:05:14Z">
          <params>
            <param index="0">
              <value>
                <![CDATA[{browser=chrome, password=35435433, Runmode=Y, username=ngatran}]]>
              </value>
            </param>
          </params>
          <reporter-output>
          </reporter-output>
        </test-method> <!-- loginTest -->
        <test-method status="PASS" signature="loginTest(java.util.Hashtable)[pri:0, instance:com.study.zoho.testcases.LoginTest@6fb0d3ed]" name="loginTest" duration-ms="24747" started-at="2018-12-19T08:04:55Z" data-provider="master" finished-at="2018-12-19T08:05:20Z">
          <params>
            <param index="0">
              <value>
                <![CDATA[{browser=firefox, password=ngatra, Runmode=Y, username=monohos}]]>
              </value>
            </param>
          </params>
          <reporter-output>
          </reporter-output>
        </test-method> <!-- loginTest -->
        <test-method status="SKIP" signature="loginTest(java.util.Hashtable)[pri:0, instance:com.study.zoho.testcases.LoginTest@6fb0d3ed]" name="loginTest" duration-ms="196" started-at="2018-12-19T08:04:55Z" data-provider="master" finished-at="2018-12-19T08:04:55Z">
          <params>
            <param index="0">
              <value>
                <![CDATA[{browser=chrome, password=gfdhdfh43, Runmode=N, username=nana}]]>
              </value>
            </param>
          </params>
          <exception class="org.testng.SkipException">
            <message>
              <![CDATA[Skipping the test loginTestas the Runmode of test data is No]]>
            </message>
            <full-stacktrace>
              <![CDATA[org.testng.SkipException: Skipping the test loginTestas the Runmode of test data is No
at com.study.zoho.utilities.DataUtils.checkExecution(DataUtils.java:54)
at com.study.zoho.testcases.LoginTest.loginTest(LoginTest.java:20)
at sun.reflect.NativeMethodAccessorImpl.invoke0(Native Method)
at sun.reflect.NativeMethodAccessorImpl.invoke(NativeMethodAccessorImpl.java:62)
at sun.reflect.DelegatingMethodAccessorImpl.invoke(DelegatingMethodAccessorImpl.java:43)
at java.lang.reflect.Method.invoke(Method.java:498)
at org.testng.internal.MethodInvocationHelper.invokeMethod(MethodInvocationHelper.java:124)
at org.testng.internal.Invoker.invokeMethod(Invoker.java:583)
at org.testng.internal.Invoker.invokeTestMethod(Invoker.java:719)
at org.testng.internal.TestMethodWithDataProviderMethodWorker.call(TestMethodWithDataProviderMethodWorker.java:71)
at org.testng.internal.TestMethodWithDataProviderMethodWorker.call(TestMethodWithDataProviderMethodWorker.java:14)
at java.util.concurrent.FutureTask.run(FutureTask.java:266)
at java.util.concurrent.Executors$RunnableAdapter.call(Executors.java:511)
at java.util.concurrent.FutureTask.run(FutureTask.java:266)
at java.util.concurrent.ThreadPoolExecutor.runWorker(ThreadPoolExecutor.java:1149)
at java.util.concurrent.ThreadPoolExecutor$Worker.run(ThreadPoolExecutor.java:624)
at java.lang.Thread.run(Thread.java:748)
]]>
            </full-stacktrace>
          </exception> <!-- org.testng.SkipException -->
          <reporter-output>
          </reporter-output>
        </test-method> <!-- loginTest -->
      </class> <!-- com.study.zoho.testcases.LoginTest -->
    </test> <!-- Test1 -->
  </suite> <!-- Suite -->
</testng-results>
